unityLibrary/build/intermediates/manifest_merge_blame_file/debug/manifest-merger-blame-debug-report.txt
1<?xml version="1.0" encoding="utf-8"?>
2<!-- GENERATED BY UNITY. REMOVE THIS COMMENT TO PREVENT OVERWRITING WHEN EXPORTING AGAIN -->
3<manifest xmlns:android="http://schemas.android.com/apk/res/android"
4    xmlns:tools="http://schemas.android.com/tools"
5    package="com.unity3d.player" >
6
7    <uses-sdk
8        android:minSdkVersion="24"
8-->src\main\AndroidManifest.xml
9        android:targetSdkVersion="30" />
9-->src\main\AndroidManifest.xml
10
11    <uses-feature android:glEsVersion="0x00020000" />
11-->src\main\AndroidManifest.xml:35:3-52
11-->src\main\AndroidManifest.xml:35:17-49
12    <uses-feature
12-->src\main\AndroidManifest.xml:36:3-88
13        android:name="android.hardware.touchscreen"
13-->src\main\AndroidManifest.xml:36:17-60
14        android:required="false" />
14-->src\main\AndroidManifest.xml:36:61-85
15    <uses-feature
15-->src\main\AndroidManifest.xml:37:3-99
16        android:name="android.hardware.touchscreen.multitouch"
16-->src\main\AndroidManifest.xml:37:17-71
17        android:required="false" />
17-->src\main\AndroidManifest.xml:37:72-96
18    <uses-feature
18-->src\main\AndroidManifest.xml:38:3-108
19        android:name="android.hardware.touchscreen.multitouch.distinct"
19-->src\main\AndroidManifest.xml:38:17-80
20        android:required="false" />
20-->src\main\AndroidManifest.xml:38:81-105
21
22    <application android:extractNativeLibs="true" >
22-->src\main\AndroidManifest.xml:4:3-34:17
22-->src\main\AndroidManifest.xml:5:7-39
23        <activity
23-->src\main\AndroidManifest.xml:6:5-20:16
24            android:name="com.unity3d.player.UnityPlayerActivity"
24-->src\main\AndroidManifest.xml:6:15-68
25            android:configChanges="mcc|mnc|locale|touchscreen|keyboard|keyboardHidden|navigation|orientation|screenLayout|uiMode|screenSize|smallestScreenSize|fontScale|layoutDirection|density"
25-->src\main\AndroidManifest.xml:11:9-190
26            android:exported="true"
26-->src\main\AndroidManifest.xml:7:9-32
27            android:hardwareAccelerated="false"
27-->src\main\AndroidManifest.xml:13:9-44
28            android:launchMode="singleTask"
28-->src\main\AndroidManifest.xml:10:9-40
29            android:resizeableActivity="false"
29-->src\main\AndroidManifest.xml:12:9-43
30            android:screenOrientation="fullSensor"
30-->src\main\AndroidManifest.xml:9:9-47
31            android:theme="@style/UnityThemeSelector" >
31-->src\main\AndroidManifest.xml:8:9-50
32            <intent-filter>
32-->src\main\AndroidManifest.xml:14:7-17:23
33                <action android:name="android.intent.action.MAIN" />
33-->src\main\AndroidManifest.xml:15:9-61
33-->src\main\AndroidManifest.xml:15:17-58
34
35                <category android:name="android.intent.category.LAUNCHER" />
35-->src\main\AndroidManifest.xml:16:9-69
35-->src\main\AndroidManifest.xml:16:19-66
36            </intent-filter>
37
38            <meta-data
38-->src\main\AndroidManifest.xml:18:7-82
39                android:name="unityplayer.UnityActivity"
39-->src\main\AndroidManifest.xml:18:18-58
40                android:value="true" />
40-->src\main\AndroidManifest.xml:18:59-79
41            <meta-data
41-->src\main\AndroidManifest.xml:19:7-78
42                android:name="android.notch_support"
42-->src\main\AndroidManifest.xml:19:18-54
43                android:value="true" />
43-->src\main\AndroidManifest.xml:19:55-75
44        </activity>
45
46        <meta-data
46-->src\main\AndroidManifest.xml:21:5-69
47            android:name="unity.splash-mode"
47-->src\main\AndroidManifest.xml:21:16-48
48            android:value="0" />
48-->src\main\AndroidManifest.xml:21:49-66
49        <meta-data
49-->src\main\AndroidManifest.xml:22:5-74
50            android:name="unity.splash-enable"
50-->src\main\AndroidManifest.xml:22:16-50
51            android:value="True" />
51-->src\main\AndroidManifest.xml:22:51-71
52        <meta-data
52-->src\main\AndroidManifest.xml:23:5-84
53            android:name="unity.allow-resizable-window"
53-->src\main\AndroidManifest.xml:23:16-59
54            android:value="False" />
54-->src\main\AndroidManifest.xml:23:60-81
55        <meta-data
55-->src\main\AndroidManifest.xml:24:5-81
56            android:name="notch.config"
56-->src\main\AndroidManifest.xml:24:16-43
57            android:value="portrait|landscape" />
57-->src\main\AndroidManifest.xml:24:44-78
58        <meta-data
58-->src\main\AndroidManifest.xml:25:5-101
59            android:name="unity.build-id"
59-->src\main\AndroidManifest.xml:25:16-45
60            android:value="be18262d-11e8-4db8-8440-1a98a6c30cbf" />
60-->src\main\AndroidManifest.xml:25:46-98
61
62        <receiver
62-->src\main\AndroidManifest.xml:26:5-112
63            android:name="com.unity.androidnotifications.UnityNotificationManager"
63-->src\main\AndroidManifest.xml:26:15-85
64            android:exported="true" />
64-->src\main\AndroidManifest.xml:26:86-109
65        <receiver
65-->src\main\AndroidManifest.xml:27:5-33:16
66            android:name="com.unity.androidnotifications.UnityNotificationRestartOnBootReceiver"
66-->src\main\AndroidManifest.xml:27:15-99
67            android:enabled="false"
67-->src\main\AndroidManifest.xml:29:9-32
68            android:exported="true" >
68-->src\main\AndroidManifest.xml:28:9-32
69            <intent-filter>
69-->src\main\AndroidManifest.xml:30:7-32:23
70                <action android:name="android.intent.action.BOOT_COMPLETED" />
70-->src\main\AndroidManifest.xml:31:9-71
70-->src\main\AndroidManifest.xml:31:17-68
71            </intent-filter>
72        </receiver>
73    </application>
74
75</manifest>